c:\users\mohamedgaber\source\repos\batu_ims_cpp\batu_ims_cpp\x64\debug\vc143.pdb
c:\users\mohamedgaber\source\repos\batu_ims_cpp\batu_ims_cpp\x64\debug\.netframework,version=v4.8.assemblyattributes.obj
c:\users\mohamedgaber\source\repos\batu_ims_cpp\batu_ims_cpp\x64\debug\loginform.obj
c:\users\mohamedgaber\source\repos\batu_ims_cpp\batu_ims_cpp\x64\debug\user.obj
c:\users\mohamedgaber\source\repos\batu_ims_cpp\batu_ims_cpp\x64\debug\logincontroller.obj
c:\users\mohamedgaber\source\repos\batu_ims_cpp\batu_ims_cpp\x64\debug\entrypoint.obj
c:\users\mohamedgaber\source\repos\batu_ims_cpp\batu_ims_cpp\x64\debug\sqlite3.obj
c:\users\mohamedgaber\source\repos\batu_ims_cpp\batu_ims_cpp\x64\debug\databaseconnection.obj
c:\users\mohamedgaber\source\repos\batu_ims_cpp\batu_ims_cpp\x64\debug\role.obj
c:\users\mohamedgaber\source\repos\batu_ims_cpp\batu_ims_cpp\x64\debug\passwordhasher.obj
c:\users\mohamedgaber\source\repos\batu_ims_cpp\batu_ims_cpp\x64\debug\utilities.obj
c:\users\mohamedgaber\source\repos\batu_ims_cpp\batu_ims_cpp\x64\debug\homepage.obj
c:\users\mohamedgaber\source\repos\batu_ims_cpp\batu_ims_cpp\x64\debug\dashboardform.obj
c:\users\mohamedgaber\source\repos\batu_ims_cpp\x64\debug\batu_ims_cpp.exe
c:\users\mohamedgaber\source\repos\batu_ims_cpp\x64\debug\batu_ims_cpp.pdb
c:\users\mohamedgaber\source\repos\batu_ims_cpp\batu_ims_cpp\x64\debug\batu_ims_cpp.tlog\cl.command.1.tlog
c:\users\mohamedgaber\source\repos\batu_ims_cpp\batu_ims_cpp\x64\debug\batu_ims_cpp.tlog\cl.items.tlog
c:\users\mohamedgaber\source\repos\batu_ims_cpp\batu_ims_cpp\x64\debug\batu_ims_cpp.tlog\cl.read.1.tlog
c:\users\mohamedgaber\source\repos\batu_ims_cpp\batu_ims_cpp\x64\debug\batu_ims_cpp.tlog\cl.write.1.tlog
c:\users\mohamedgaber\source\repos\batu_ims_cpp\batu_ims_cpp\x64\debug\batu_ims_cpp.tlog\link.command.1.tlog
c:\users\mohamedgaber\source\repos\batu_ims_cpp\batu_ims_cpp\x64\debug\batu_ims_cpp.tlog\link.read.1.tlog
c:\users\mohamedgaber\source\repos\batu_ims_cpp\batu_ims_cpp\x64\debug\batu_ims_cpp.tlog\link.secondary.1.tlog
c:\users\mohamedgaber\source\repos\batu_ims_cpp\batu_ims_cpp\x64\debug\batu_ims_cpp.tlog\link.write.1.tlog
c:\users\mohamedgaber\source\repos\batu_ims_cpp\batu_ims_cpp\x64\debug\batu_ims_cpp.tlog\metagen.read.1.tlog
c:\users\mohamedgaber\source\repos\batu_ims_cpp\batu_ims_cpp\x64\debug\batu_ims_cpp.tlog\metagen.write.1.tlog
c:\users\mohamedgaber\source\repos\batu_ims_cpp\batu_ims_cpp\x64\debug\batu_ims_cpp.tlog\resgen.command.1.tlog
c:\users\mohamedgaber\source\repos\batu_ims_cpp\batu_ims_cpp\x64\debug\batu_ims_cpp.tlog\resgen.read.1.tlog
c:\users\mohamedgaber\source\repos\batu_ims_cpp\batu_ims_cpp\x64\debug\batu_ims_cpp.tlog\resgen.write.1.tlog
